<AI4>bureaucrat, silver, <AI5>bandit, None, <AI5>bandit, None, <AI6>None, silver, None, gold, <AI5>bandit, gold, <AI8>artisan, <AI3>moat, <AI6>None, <AI5>bandit, <AI4>bureaucrat, <AI4>bureaucrat, <AI6>None, <AI4>bureaucrat, <AI6>None, -1
<AI3>moat, silver, <AI4>money_lender, silver, <AI5>None, <AI4>money_lender, <AI4>money_lender, gold, silver, silver, <AI7>None, gold, silver, gold, <AI6>None, <AI8>artisan, gold, <AI8>artisan, -1
<AI4>poacher, <AI3>moat, <AI2>None, silver, <AI4>poacher, <AI5>market, <AI1>None, <AI7>None, <AI3>moat, <AI2>None, <AI7>None, <AI2>None, <AI3>moat, <AI2>None, <AI6>None, <AI3>moat, <AI3>moat, -1
<AI3>merchant, <AI4>money_lender, <AI2>None, <AI4>money_lender, <AI5>None, <AI3>merchant, <AI1>None, silver, <AI1>None, gold, <AI5>None, <AI4>money_lender, <AI6>None, <AI3>merchant, silver, <AI2>None, <AI5>None, <AI2>None, <AI6>None, -1
<AI2>None, silver, silver, silver, <AI7>None, silver, <AI4>village, <AI5>stentry, <AI8>artisan, <AI3>moat, silver, <AI3>moat, <AI7>None, <AI6>None, <AI7>None, gold, <AI6>None, -1
<AI4>village, <AI3>moat, None, <AI5>bandit, <AI4>village, <AI2>None, <AI3>moat, <AI3>moat, <AI3>moat, <AI3>moat, <AI5>bandit, <AI2>None, <AI2>None, <AI5>bandit, <AI2>None, <AI3>moat, <AI3>moat, <AI4>village, <AI1>None, -1
<AI5>market, <AI2>None, <AI4>throne_room, <AI4>throne_room, <AI3>moat, <AI4>throne_room, <AI4>throne_room, <AI4>throne_room, <AI3>moat, <AI5>market, <AI5>market, <AI4>throne_room, <AI3>moat, <AI5>market, gold, <AI5>market, gold, <AI7>None, <AI8>artisan, -1
<AI4>money_lender, <AI3>moat, <AI3>moat, silver, <AI4>money_lender, silver, <AI4>money_lender, <AI5>stentry, silver, <AI4>money_lender, <AI6>None, <AI4>money_lender, <AI4>money_lender, <AI6>None, <AI5>stentry, <AI6>None, <AI4>money_lender, -1
<AI4>poacher, silver, <AI5>market, None, <AI6>None, <AI2>house, <AI2>curse, <AI3>silver, <AI5>market, <AI4>poacher, None, <AI5>territory, <AI2>house, <AI4>throne_room, silver, silver, silver, <AI2>house, -1
<AI3>workshop, silver, <AI4>money_lender, <AI4>money_lender, <AI5>gardens, silver, silver, <AI4>money_lender, <AI6>witch, <AI3>workshop, gold, <AI3>workshop, <AI7>witch, gold, silver, <AI8>artisan, <AI5>territory, <AI4>money_lender, silver, -1
<AI3>merchant, silver, silver, <AI4>blacksmith, <AI5>gardens, gold, <AI4>blacksmith, <AI7>witch, province, <AI5>gardens, gold, <AI4>remodel, <AI6>witch, silver, <AI6>witch, <AI4>militia, <AI8>artisan, <AI3>moat, -1
silver, <AI4>throne_room, <AI5>archive, <AI3>moat, <AI5>archive, <AI6>witch, <AI4>throne_room, <AI5>gardens, silver, gold, <AI3>herbinger, <AI8>artisan, <AI5>archive, <AI8>artisan, <AI6>witch, silver, <AI4>throne_room, <AI4>throne_room, silver, -1
<AI2>None, <AI5>gardens, <AI4>money_lender, silver, <AI4>money_lender, silver, <AI6>witch, <AI3>workshop, <AI5>bandit, <AI4>money_lender, <AI6>witch, <AI2>None, <AI4>money_lender, <AI4>money_lender, <AI5>bandit, <AI5>bandit, <AI4>poacher, -1
silver, <AI3>moat, <AI5>festival, <AI4>bureaucrat, <AI4>bureaucrat, <AI5>festival, <AI3>moat, <AI4>remodel, <AI3>moat, <AI5>gardens, <AI4>remodel, <AI3>moat, <AI3>moat, <AI4>remodel, <AI3>moat, <AI4>bureaucrat, silver, -1
silver, <AI4>remodel, <AI4>remodel, <AI3>merchant, <AI4>remodel, None, silver, <AI2>None, gold, <AI4>remodel, <AI3>merchant, silver, <AI8>artisan, silver, province, -1
<AI4>poacher, <AI3>herbinger, silver, <AI4>money_lender, <AI3>herbinger, <AI5>territory, <AI3>herbinger, <AI5>territory, <AI2>None, silver, <AI3>herbinger, <AI4>poacher, <AI4>poacher, silver, <AI2>None, silver, <AI5>territory, <AI5>gardens, -1
<AI4>remodel, <AI3>merchant, <AI4>remodel, <AI3>merchant, silver, <AI4>poacher, <AI4>poacher, <AI5>gardens, silver, <AI2>None, <AI4>poacher, <AI5>mine, <AI3>merchant, <AI6>witch, <AI3>merchant, <AI3>merchant, silver, silver, <AI7>witch, -1
<AI4>None, <AI3>workshop, <AI4>None, <AI3>moat, <AI4>None, silver, <AI4>None, <AI4>None, <AI3>moat, <AI5>gardens, <AI6>witch, <AI2>None, <AI3>workshop, <AI4>throne_room, <AI5>archive, <AI3>workshop, <AI3>workshop, silver, -1
<AI3>herbinger, silver, <AI5>festival, <AI2>None, <AI4>poacher, <AI2>None, <AI5>festival, <AI2>None, <AI3>herbinger, silver, <AI3>herbinger, <AI4>poacher, silver, silver, silver, <AI3>herbinger, <AI4>poacher, <AI7>witch, silver, -1
<AI3>herbinger, silver, <AI5>archive, <AI4>blacksmith, <AI2>None, <AI7>witch, <AI1>None, <AI5>archive, <AI7>witch, <AI6>witch, <AI3>vassal, <AI5>territory, silver, silver, <AI2>None, <AI4>blacksmith, <AI5>festival, <AI5>festival, <AI5>festival, -1
silver, <AI3>vassal, <AI5>festival, <AI3>vassal, silver, silver, <AI6>witch, <AI5>territory, <AI5>territory, <AI6>gold, <AI4>remodel, gold, <AI6>gold, <AI3>vassal, <AI8>None, <AI8>None, <AI5>gardens, <AI4>remodel, -1
<AI3>vassal, <AI4>bureaucrat, <AI4>bureaucrat, silver, <AI5>gardens, <AI3>vassal, <AI5>gardens, silver, silver, <AI5>gardens, <AI2>None, <AI6>gold, <AI4>bureaucrat, <AI5>None, <AI7>gold, <AI3>vassal, <AI5>gardens, <AI4>bureaucrat, -1
<AI5>mine, <AI2>None, <AI3>merchant, <AI4>throne_room, <AI3>merchant, <AI4>throne_room, <AI3>merchant, <AI4>remodel, <AI3>merchant, <AI4>throne_room, <AI4>throne_room, silver, silver, <AI6>None, <AI7>None, <AI6>None, <AI4>throne_room, <AI5>mine, -1
<AI4>throne_room, <AI3>merchant, <AI3>merchant, <AI4>throne_room, <AI3>merchant, silver, silver, <AI4>throne_room, gold, <AI4>throne_room, <AI3>merchant, <AI6>None, gold, <AI5>None, <AI5>None, <AI6>None, -1
silver, silver, <AI3>moat, <AI6>gold, <AI3>moat, <AI7>gold, province, <AI8>None, <AI5>None, <AI5>None, province, <AI7>gold, silver, <AI6>gold, <AI8>artisan, -1
<AI3>vassal, <AI4>poacher, silver, silver, <AI5>None, <AI3>vassal, <AI5>gardens, <AI2>None, <AI6>None, <AI2>None, silver, <AI4>poacher, <AI2>None, <AI5>None, <AI6>None, <AI3>vassal, <AI5>gardens, -1
<AI4>remodel, <AI3>silver, <AI5>None, silver, <AI4>remodel, silver, <AI6>gold, silver, <AI5>None, <AI7>gold, <AI6>gold, province, <AI6>gold, <AI5>None, province, -1
<AI4>remodel, silver, <AI5>None, <AI3>silver, silver, <AI3>silver, silver, <AI6>gold, silver, gold, <AI8>artisan, <AI5>bandit, <AI7>gold, <AI3>silver, <AI8>artisan, silver, <AI6>gold, -1
<AI2>None, <AI5>mine, <AI4>village, <AI3>silver, <AI4>village, <AI3>silver, <AI5>gardens, <AI3>silver, <AI4>bureaucrat, <AI5>gardens, <AI4>bureaucrat, <AI5>gardens, <AI4>bureaucrat, <AI5>gardens, <AI5>gardens, <AI1>None, <AI5>mine, <AI4>militia, <AI4>bureaucrat, -1
<AI3>silver, silver, <AI4>bureaucrat, <AI5>gardens, <AI5>None, <AI3>silver, <AI5>None, <AI6>gold, <AI3>silver, <AI5>None, <AI8>None, <AI3>silver, <AI7>gold, gold, <AI5>gardens, <AI7>gold, <AI8>artisan, -1
<AI2>None, <AI5>territory, <AI2>None, <AI4>poacher, <AI4>poacher, <AI2>None, <AI2>None, <AI3>moat, <AI3>herbinger, <AI3>herbinger, <AI1>None, <AI4>poacher, <AI2>None, <AI4>poacher, <AI2>None, <AI3>herbinger, <AI2>None, <AI2>None, -1
<AI3>silver, silver, silver, <AI4>poacher, <AI6>gold, <AI3>silver, <AI4>poacher, <AI8>artisan, <AI4>poacher, <AI6>gold, <AI3>silver, <AI5>bandit, <AI5>bandit, silver, <AI5>None, gold, <AI8>artisan, silver, -1
<AI3>silver, <AI4>throne_room, <AI4>throne_room, <AI4>throne_room, <AI3>silver, <AI4>throne_room, <AI3>silver, <AI2>None, gold, <AI3>silver, <AI8>artisan, <AI1>None, silver, <AI4>throne_room, <AI8>artisan, <AI1>None, <AI5>gardens, <AI4>throne_room, -1
<AI5>festival, <AI2>chapel, silver, <AI4>bureaucrat, <AI3>merchant, <AI4>bureaucrat, silver, <AI3>merchant, <AI2>curse, gold, <AI5>gardens, silver, <AI4>bureaucrat, <AI6>None, None, <AI4>bureaucrat, gold, <AI5>gardens, -1
<AI2>cellar, <AI5>gardens, <AI3>vassal, silver, <AI6>None, <AI3>vassal, silver, <AI6>None, <AI3>vassal, <AI5>gardens, silver, <AI4>bureaucrat, <AI3>vassal, <AI8>artisan, <AI2>chapel, <AI6>None, -1
<AI4>poacher, <AI3>None, silver, <AI4>poacher, <AI5>laboratory, <AI4>poacher, <AI4>poacher, <AI4>poacher, <AI3>None, <AI5>laboratory, silver, <AI5>laboratory, silver, <AI6>None, <AI3>None, silver, <AI8>artisan, -1
<AI3>None, <AI4>throne_room, <AI3>None, <AI4>throne_room, <AI3>None, <AI4>throne_room, <AI4>throne_room, <AI3>herbinger, <AI3>herbinger, <AI4>throne_room, <AI2>curse, <AI5>gardens, <AI4>throne_room, silver, <AI3>herbinger, silver, <AI4>throne_room, <AI5>territory, -1
<AI3>vassal, silver, <AI3>vassal, <AI5>laboratory, <AI5>laboratory, <AI4>throne_room, <AI4>throne_room, <AI5>festival, <AI3>vassal, <AI3>vassal, silver, <AI3>vassal, <AI1>None, silver, <AI6>None, <AI3>vassal, -1
<AI3>vassal, silver, <AI4>poacher, <AI4>throne_room, <AI2>None, <AI5>gardens, <AI4>poacher, <AI4>remodel, <AI3>vassal, <AI3>vassal, <AI4>throne_room, silver, <AI5>None, <AI6>gold, <AI4>throne_room, <AI8>artisan, <AI7>gold, <AI3>vassal, <AI8>artisan, -1
<AI3>vassal, <AI4>throne_room, <AI3>vassal, <AI4>throne_room, <AI3>vassal, silver, <AI4>throne_room, <AI3>silver, <AI3>silver, <AI6>gold, <AI2>None, silver, <AI4>remodel, <AI6>gold, province, <AI6>gold, <AI5>gardens, <AI2>None, -1
<AI4>None, <AI3>silver, silver, <AI4>None, <AI3>silver, <AI7>None, <AI5>gardens, silver, gold, <AI4>money_lender, <AI5>laboratory, <AI8>artisan, <AI5>laboratory, <AI5>territory, province, <AI6>None, gold, -1
<AI4>poacher, <AI3>silver, <AI6>witch, <AI2>cellar, <AI5>council_room, <AI3>herbinger, <AI4>poacher, silver, <AI5>None, <AI5>None, <AI4>poacher, <AI5>council_room, silver, silver, <AI6>witch, silver, <AI7>witch, silver, -1
<AI3>vassal, <AI4>money_lender, <AI4>money_lender, <AI4>money_lender, <AI4>money_lender, <AI3>herbinger, <AI2>None, <AI2>None, <AI4>money_lender, <AI2>None, <AI4>village, silver, <AI0>None, <AI5>None, <AI3>herbinger, <AI2>None, None, None, <AI0>None, None, -1
<AI4>money_lender, <AI3>None, <AI3>None, silver, silver, silver, silver, <AI4>None, silver, gold, silver, <AI7>None, <AI8>artisan, <AI7>witch, <AI6>witch, <AI6>witch, -1
<AI3>silver, <AI4>None, <AI6>gold, <AI2>cellar, <AI5>gardens, <AI6>gold, <AI7>gold, gold, <AI2>cellar, <AI8>None, province, <AI6>None, province, <AI6>None, <AI8>None, <AI3>silver, <AI8>artisan, -1
<AI3>herbinger, <AI4>money_lender, silver, silver, <AI3>herbinger, <AI7>None, <AI6>None, <AI5>gardens, <AI5>council_room, <AI5>council_room, <AI8>artisan, silver, <AI7>None, <AI3>herbinger, <AI8>artisan, <AI4>money_lender, <AI2>cellar, -1
<AI3>vassal, <AI4>throne_room, <AI3>vassal, <AI3>vassal, <AI4>throne_room, <AI2>house, silver, <AI2>house, <AI3>vassal, <AI4>None, <AI2>house, <AI4>throne_room, None, <AI3>vassal, None, <AI2>cellar, <AI4>None, <AI2>house, -1
<AI3>None, <AI4>None, <AI3>merchant, <AI4>poacher, <AI4>None, <AI2>house, <AI3>None, <AI4>None, <AI3>None, <AI3>None, <AI3>None, <AI3>None, <AI3>None, None, <AI3>None, <AI2>cellar, <AI2>cellar, -1
<AI4>None, silver, <AI5>gardens, <AI4>None, silver, <AI4>blacksmith, <AI3>None, <AI7>gold, gold, <AI5>territory, <AI4>None, <AI8>artisan, <AI5>territory, <AI4>None, <AI6>None, <AI6>None, silver, -1
<AI3>silver, silver, <AI3>silver, <AI5>archive, <AI6>None, silver, <AI5>archive, <AI7>None, silver, <AI6>gold, silver, <AI8>artisan, <AI4>remodel, gold, <AI6>gold, <AI4>remodel, <AI6>gold, <AI1>None, -1
<AI4>remodel, <AI3>vassal, <AI3>vassal, <AI3>vassal, silver, <AI3>vassal, <AI4>remodel, <AI4>None, <AI2>cellar, <AI6>None, <AI3>vassal, <AI4>remodel, <AI6>witch, <AI2>cellar, silver, silver, <AI4>remodel, -1
silver, <AI4>None, <AI3>None, <AI5>stentry, <AI4>None, <AI4>None, <AI3>None, <AI4>None, <AI5>gardens, <AI4>None, <AI3>None, <AI5>gardens, <AI6>witch, <AI3>herbinger, <AI3>None, <AI5>stentry, <AI4>poacher, <AI4>None, -1
silver, <AI3>None, <AI4>throne_room, <AI4>remodel, <AI4>remodel, <AI5>None, <AI4>poacher, <AI5>gardens, <AI4>throne_room, <AI4>poacher, <AI3>None, <AI1>None, <AI5>gardens, <AI3>None, <AI2>chapel, <AI3>None, <AI4>throne_room, silver, -1
silver, <AI3>herbinger, <AI4>militia, <AI4>militia, <AI5>council_room, <AI3>herbinger, <AI6>witch, <AI5>gardens, <AI6>None, <AI5>gardens, <AI2>chapel, <AI4>remodel, silver, <AI4>militia, <AI7>None, <AI3>herbinger, <AI4>poacher, <AI7>None, <AI3>herbinger, <AI5>council_room, <AI4>poacher, <AI6>None, <AI5>gardens, <AI5>gardens, -1
<AI4>poacher, silver, <AI4>remodel, <AI4>None, <AI5>gardens, silver, <AI4>poacher, silver, <AI7>None, gold, <AI3>silver, <AI8>artisan, <AI7>None, province, <AI5>gardens, <AI5>gardens, -1
silver, silver, silver, <AI6>gold, silver, <AI8>artisan, <AI6>gold, <AI6>gold, <AI5>festival, <AI3>vassal, <AI8>artisan, <AI6>gold, gold, <AI8>artisan, gold, <AI6>gold, <AI8>artisan, -1
silver, <AI4>None, <AI4>village, <AI4>poacher, <AI4>village, <AI3>vassal, <AI5>stentry, <AI3>vassal, silver, <AI4>None, <AI2>house, silver, <AI6>gold, <AI4>None, <AI3>vassal, <AI1>bronze, <AI6>gold, <AI5>laboratory, -1
<AI4>None, <AI3>silver, <AI3>vassal, <AI6>None, None, silver, <AI5>gardens, <AI3>vassal, <AI5>gardens, <AI3>vassal, <AI3>vassal, <AI4>None, None, <AI2>cellar, <AI5>gardens, <AI3>vassal, <AI1>None, <AI4>None, -1
<AI4>None, silver, <AI3>vassal, <AI4>None, <AI5>festival, silver, <AI4>None, <AI4>money_lender, <AI7>witch, <AI4>None, <AI3>vassal, <AI6>witch, <AI4>None, <AI5>gardens, <AI5>gardens, <AI4>None, <AI5>gardens, <AI5>gardens, <AI3>vassal, <AI4>None, -1
<AI3>silver, <AI4>militia, <AI5>festival, silver, <AI7>gold, silver, <AI5>festival, <AI7>gold, <AI6>gold, province, <AI7>gold, <AI8>artisan, <AI2>None, <AI7>gold, <AI8>artisan, <AI8>artisan, -1
<AI3>herbinger, <AI4>militia, <AI3>herbinger, <AI4>militia, <AI3>herbinger, <AI4>blacksmith, silver, <AI3>herbinger, <AI4>village, <AI5>stentry, <AI2>chapel, <AI4>blacksmith, silver, <AI4>blacksmith, <AI4>militia, <AI4>militia, <AI4>militia, silver, gold, <AI2>chapel, -1
<AI5>gardens, None, <AI2>curse, <AI5>gardens, None, <AI4>money_lender, <AI4>money_lender, <AI3>silver, <AI4>None, silver, <AI2>curse, gold, <AI5>stentry, <AI4>money_lender, province, silver, <AI2>curse, <AI5>stentry, <AI4>village, -1
<AI3>workshop, <AI4>throne_room, silver, silver, <AI5>stentry, <AI5>stentry, <AI3>workshop, <AI3>workshop, silver, <AI4>throne_room, <AI4>throne_room, <AI4>throne_room, <AI4>throne_room, <AI1>bronze, <AI3>workshop, <AI6>witch, <AI2>curse, -1
silver, <AI3>workshop, <AI5>laboratory, silver, <AI4>remodel, <AI5>laboratory, <AI6>None, <AI2>chapel, silver, <AI4>throne_room, <AI5>gardens, <AI4>throne_room, <AI6>None, <AI4>remodel, <AI5>laboratory, <AI5>laboratory, <AI5>laboratory, -1
<AI5>gardens, <AI2>house, <AI2>house, <AI4>money_lender, <AI2>house, silver, <AI3>vassal, <AI6>None, <AI1>None, <AI5>territory, <AI4>blacksmith, <AI2>house, <AI3>vassal, <AI1>None, <AI4>blacksmith, <AI1>bronze, <AI0>bronze, -1
<AI4>None, <AI3>vassal, <AI3>silver, <AI3>workshop, <AI4>blacksmith, <AI4>blacksmith, <AI4>blacksmith, <AI5>None, <AI4>blacksmith, <AI4>poacher, <AI3>vassal, <AI4>poacher, <AI6>gold, <AI5>None, <AI1>None, <AI8>artisan, <AI3>vassal, -1
<AI5>archive, <AI2>cellar, <AI5>archive, <AI4>militia, <AI5>archive, <AI5>archive, <AI3>herbinger, <AI4>money_lender, <AI6>witch, <AI4>None, <AI3>herbinger, silver, <AI5>gardens, <AI3>workshop, <AI6>witch, <AI2>cellar, -1
<AI4>throne_room, <AI3>workshop, <AI3>silver, <AI4>None, <AI6>witch, <AI3>silver, <AI2>cellar, <AI6>None, <AI6>None, <AI3>silver, <AI4>throne_room, <AI5>archive, <AI6>None, <AI3>silver, <AI6>witch, <AI5>archive, <AI5>archive, <AI5>market, silver, -1
<AI3>vassal, <AI4>money_lender, silver, <AI3>silver, silver, <AI5>archive, <AI2>chapel, <AI6>gold, <AI6>gold, <AI5>None, <AI5>gardens, <AI8>artisan, <AI5>gardens, <AI4>throne_room, gold, silver, <AI3>vassal, -1
<AI4>None, silver, <AI4>money_lender, <AI4>poacher, <AI4>throne_room, <AI3>silver, <AI5>festival, <AI5>gardens, <AI2>curse, <AI4>militia, gold, <AI2>curse, <AI1>None, <AI6>witch, <AI4>throne_room, silver, <AI4>poacher, gold, <AI6>gold, -1
<AI4>throne_room, <AI3>vassal, silver, <AI3>vassal, <AI4>throne_room, <AI5>gardens, <AI4>poacher, <AI5>gardens, silver, <AI4>poacher, <AI6>witch, silver, <AI4>poacher, <AI3>vassal, gold, <AI3>vassal, <AI6>witch, -1
silver, <AI4>remodel, <AI4>remodel, <AI4>poacher, <AI4>poacher, <AI4>poacher, silver, <AI7>witch, <AI2>cellar, <AI8>artisan, <AI7>witch, <AI4>remodel, silver, silver, <AI6>witch, <AI6>witch, <AI4>remodel, -1
<AI4>None, <AI3>moat, <AI5>gardens, silver, <AI3>None, silver, <AI4>village, <AI5>festival, <AI4>village, <AI3>None, gold, <AI6>gold, <AI5>gardens, <AI5>festival, <AI4>None, <AI8>artisan, <AI4>village, -1
<AI5>gardens, <AI2>chapel, <AI4>throne_room, <AI3>silver, <AI4>throne_room, <AI4>throne_room, <AI5>gardens, silver, <AI5>festival, <AI3>silver, <AI7>gold, <AI2>None, <AI6>gold, <AI5>gardens, <AI8>artisan, <AI6>gold, <AI5>gardens, <AI7>gold, <AI8>artisan, -1
<AI3>vassal, <AI4>vassal, <AI3>vassal, silver, <AI5>gardens, <AI2>chapel, <AI5>gardens, <AI4>vassal, silver, <AI3>vassal, <AI5>stentry, <AI4>vassal, <AI6>gold, <AI3>vassal, <AI3>vassal, <AI4>vassal, <AI7>witch, <AI4>vassal, -1
<AI4>throne_room, <AI3>merchant, <AI4>throne_room, <AI3>merchant, silver, silver, <AI3>workshop, <AI4>throne_room, <AI4>None, <AI4>throne_room, <AI3>vassal, <AI2>None, gold, <AI5>stentry, <AI3>merchant, <AI4>throne_room, <AI7>gold, -1
<AI4>throne_room, <AI3>silver, <AI4>throne_room, <AI3>silver, <AI5>festival, <AI4>throne_room, <AI3>vassal, <AI7>witch, <AI4>throne_room, <AI6>witch, <AI3>silver, <AI6>witch, silver, <AI2>house, <AI6>witch, <AI3>silver, <AI5>stentry, -1
<AI5>bandit, <AI2>house, <AI3>merchant, <AI4>money_lender, silver, <AI4>money_lender, <AI5>gardens, <AI5>gardens, <AI3>merchant, <AI5>None, <AI5>gardens, <AI2>house, <AI2>house, <AI4>blacksmith, <AI5>gardens, <AI0>bronze, <AI3>merchant, <AI0>None, -1
<AI4>None, silver, <AI5>festival, <AI3>herbinger, <AI6>witch, <AI2>house, <AI3>herbinger, <AI4>throne_room, <AI2>house, <AI5>gardens, <AI4>throne_room, <AI4>poacher, <AI2>house, silver, None, <AI5>stentry, -1
<AI4>militia, silver, <AI5>archive, <AI3>silver, <AI5>gardens, <AI6>witch, <AI3>silver, <AI4>militia, <AI5>archive, <AI5>archive, <AI5>gardens, <AI6>gold, <AI8>artisan, <AI5>bandit, <AI3>silver, silver, <AI5>gardens, <AI7>gold, silver, -1
silver, <AI3>vassal, <AI3>vassal, <AI6>witch, <AI3>vassal, silver, <AI5>gardens, silver, silver, <AI6>gold, <AI6>gold, silver, <AI7>gold, <AI4>None, <AI7>gold, <AI8>artisan, <AI8>artisan, <AI8>artisan, -1
<AI3>None, <AI4>remodel, <AI3>None, <AI3>None, <AI3>None, <AI4>remodel, <AI4>remodel, <AI4>remodel, <AI3>None, <AI5>bandit, <AI3>moat, <AI5>bandit, None, <AI7>witch, <AI2>cellar, <AI6>witch, <AI0>None, -1
silver, <AI3>merchant, <AI5>gardens, <AI2>house, <AI4>throne_room, silver, <AI3>vassal, <AI3>vassal, <AI7>gold, silver, <AI1>None, <AI1>None, <AI7>gold, <AI6>gold, <AI4>throne_room, <AI7>gold, <AI5>gardens, <AI6>gold, -1
<AI4>bureaucrat, <AI3>silver, <AI4>poacher, <AI5>stentry, <AI3>silver, <AI5>stentry, <AI4>None, <AI6>witch, <AI5>stentry, <AI7>witch, <AI4>bureaucrat, silver, <AI6>witch, <AI6>witch, <AI2>None, <AI7>witch, <AI4>bureaucrat, <AI7>witch, <AI8>artisan, -1
silver, <AI3>workshop, <AI4>throne_room, <AI4>throne_room, silver, <AI4>throne_room, <AI4>throne_room, <AI4>throne_room, <AI5>festival, <AI5>festival, <AI3>workshop, <AI6>gold, <AI4>throne_room, <AI6>gold, gold, <AI5>archive, <AI7>gold, -1
<AI3>vassal, <AI4>poacher, <AI4>poacher, <AI3>vassal, <AI3>vassal, <AI4>poacher, <AI3>vassal, <AI4>poacher, <AI4>poacher, <AI3>vassal, <AI4>poacher, <AI3>vassal, <AI3>vassal, <AI4>poacher, <AI4>poacher, <AI3>vassal, <AI4>poacher, -1
<AI4>blacksmith, <AI3>workshop, <AI3>workshop, <AI4>blacksmith, <AI3>workshop, silver, <AI6>witch, <AI2>cellar, silver, <AI4>blacksmith, <AI4>blacksmith, <AI5>bandit, <AI6>witch, <AI4>blacksmith, <AI2>cellar, <AI7>witch, <AI5>bandit, <AI6>witch, None, -1
silver, <AI2>house, <AI4>money_lender, <AI4>money_lender, <AI3>merchant, <AI6>gold, <AI5>stentry, <AI6>gold, <AI6>witch, <AI2>house, <AI8>artisan, <AI4>blacksmith, silver, <AI8>artisan, <AI3>merchant, <AI2>house, <AI8>artisan, <AI3>merchant, <AI3>merchant, <AI7>gold, -1
<AI4>money_lender, <AI3>vassal, silver, <AI4>None, <AI4>None, <AI5>festival, <AI3>vassal, <AI5>festival, <AI4>None, <AI4>None, <AI5>gardens, <AI3>vassal, <AI3>vassal, <AI4>money_lender, <AI4>money_lender, silver, <AI4>money_lender, <AI5>festival, -1
silver, <AI4>None, <AI4>None, <AI4>None, <AI6>witch, <AI2>house, <AI2>house, <AI4>None, <AI5>territory, <AI3>silver, silver, <AI4>None, <AI4>None, None, <AI7>witch, silver, <AI6>witch, <AI2>house, <AI4>None, silver, -1
<AI3>merchant, <AI4>None, <AI4>None, <AI3>merchant, <AI4>remodel, <AI3>vassal, <AI3>vassal, <AI4>remodel, <AI4>remodel, <AI3>vassal, silver, <AI4>money_lender, <AI2>house, <AI6>witch, <AI2>house, <AI5>archive, <AI5>archive, <AI1>bronze, <AI5>archive, -1
<AI4>blacksmith, <AI3>merchant, silver, <AI3>silver, <AI4>village, gold, <AI3>merchant, <AI6>witch, silver, <AI6>witch, gold, <AI4>village, <AI8>artisan, <AI5>territory, <AI6>witch, silver, <AI6>witch, <AI7>witch, -1
<AI3>workshop, <AI4>bureaucrat, <AI4>throne_room, <AI2>cellar, silver, <AI3>workshop, <AI7>witch, None, <AI3>workshop, <AI5>territory, <AI5>territory, <AI2>cellar, <AI5>territory, <AI6>witch, <AI4>None, silver, <AI3>workshop, -1
<AI4>poacher, <AI3>None, <AI5>bandit, <AI2>None, <AI3>None, <AI3>None, <AI4>poacher, <AI2>None, silver, <AI2>None, <AI3>moat, <AI5>gardens, <AI4>poacher, silver, <AI5>gardens, <AI4>None, <AI3>None, -1
<AI4>village, <AI3>merchant, <AI4>None, silver, <AI5>gardens, <AI3>merchant, <AI4>None, <AI4>None, silver, <AI6>None, <AI4>throne_room, <AI4>throne_room, <AI5>archive, <AI2>curse, <AI5>archive, <AI3>merchant, silver, -1
silver, <AI2>curse, <AI5>None, <AI4>poacher, <AI2>curse, <AI4>poacher, <AI5>gardens, <AI3>workshop, None, <AI4>poacher, <AI2>curse, <AI1>None, <AI3>workshop, <AI3>workshop, <AI2>None, <AI1>None, <AI3>workshop, -1
<AI4>poacher, <AI3>moat, <AI2>curse, <AI5>territory, <AI1>None, <AI4>remodel, <AI3>None, <AI3>herbinger, None, <AI2>curse, silver, <AI3>herbinger, <AI0>None, silver, <AI5>territory, <AI3>None, silver, <AI4>poacher, -1
<AI3>merchant, silver, <AI5>stentry, <AI3>merchant, <AI3>merchant, <AI5>gardens, <AI6>witch, None, <AI4>None, <AI4>None, <AI5>stentry, <AI4>money_lender, <AI3>silver, <AI4>money_lender, <AI4>None, <AI4>None, <AI5>stentry, <AI5>stentry, <AI3>silver, -1
<AI4>poacher, <AI3>moat, <AI5>gardens, <AI3>moat, silver, <AI4>poacher, <AI4>poacher, gold, <AI3>moat, <AI3>moat, <AI6>witch, <AI4>money_lender, <AI6>witch, <AI7>witch, <AI5>mine, <AI2>chapel, <AI7>witch, <AI4>money_lender, <AI6>witch, -1
<AI4>money_lender, silver, <AI6>witch, None, <AI5>laboratory, <AI4>money_lender, <AI6>witch, <AI3>merchant, <AI4>money_lender, <AI5>stentry, <AI4>money_lender, <AI5>laboratory, silver, <AI5>laboratory, <AI3>merchant, gold, <AI7>witch, <AI7>witch, <AI6>witch, <AI4>militia, <AI5>gardens, <AI5>stentry, -1
<AI4>blacksmith, <AI3>None, <AI2>curse, <AI5>stentry, <AI3>None, <AI4>None, <AI4>None, <AI2>curse, <AI4>blacksmith, <AI2>curse, <AI3>workshop, <AI1>None, <AI3>workshop, <AI2>curse, None, <AI5>stentry, -1
<AI3>moat, <AI4>None, <AI5>stentry, <AI2>curse, <AI4>moat, <AI2>house, <AI4>None, <AI3>None, <AI2>curse, <AI3>None, <AI3>None, silver, <AI3>moat, <AI4>None, <AI3>moat, <AI2>cellar, <AI4>moat, silver, <AI4>moat, <AI3>moat, -1
<AI5>territory, <AI2>cellar, <AI4>blacksmith, <AI3>silver, <AI4>blacksmith, <AI4>blacksmith, <AI4>blacksmith, silver, <AI4>blacksmith, <AI4>blacksmith, silver, <AI6>witch, <AI2>cellar, silver, <AI7>witch, <AI6>witch, <AI3>silver, -1
<AI3>merchant, <AI4>throne_room, <AI4>throne_room, <AI3>merchant, <AI3>merchant, silver, <AI5>territory, <AI4>throne_room, <AI5>territory, <AI3>merchant, <AI4>throne_room, <AI3>merchant, <AI3>merchant, <AI3>merchant, <AI6>witch, <AI2>curse, None, -1
<AI5>stentry, <AI2>curse, <AI3>silver, <AI3>silver, <AI4>militia, <AI5>gardens, <AI4>poacher, <AI7>witch, <AI4>poacher, silver, <AI6>witch, silver, <AI5>stentry, <AI5>stentry, <AI6>witch, <AI6>witch, <AI6>witch, <AI5>stentry, <AI6>witch, -1
<AI2>None, <AI5>territory, <AI4>remodel, None, <AI4>remodel, <AI3>silver, <AI4>remodel, <AI4>remodel, <AI4>remodel, <AI5>territory, <AI2>chapel, <AI5>gardens, <AI2>chapel, <AI3>silver, <AI4>remodel, <AI3>silver, <AI4>remodel, -1
silver, <AI3>silver, <AI5>stentry, <AI5>stentry, None, <AI6>gold, <AI7>gold, silver, silver, <AI5>stentry, <AI5>stentry, <AI7>witch, <AI6>witch, <AI7>witch, <AI2>curse, -1
silver, <AI3>silver, <AI6>witch, <AI3>silver, silver, <AI5>territory, <AI4>remodel, <AI5>territory, <AI6>witch, <AI6>witch, <AI3>silver, <AI4>remodel, <AI5>territory, <AI3>silver, <AI7>witch, <AI5>territory, <AI5>territory, <AI2>curse, -1
<AI3>vassal, <AI4>poacher, <AI4>poacher, <AI3>vassal, <AI5>stentry, <AI2>cellar, <AI3>vassal, silver, silver, <AI3>vassal, <AI4>poacher, <AI3>vassal, <AI4>poacher, <AI4>poacher, <AI3>vassal, <AI5>stentry, <AI4>poacher, <AI5>stentry, -1
<AI3>vassal, silver, <AI5>territory, <AI3>herbinger, <AI4>remodel, <AI3>herbinger, <AI4>remodel, <AI3>vassal, <AI3>vassal, <AI4>militia, <AI4>None, <AI3>vassal, <AI4>militia, <AI4>blacksmith, <AI5>territory, <AI3>vassal, -1
<AI3>vassal, <AI4>throne_room, <AI4>throne_room, <AI3>vassal, <AI3>vassal, <AI4>throne_room, <AI5>stentry, <AI2>curse, None, <AI4>throne_room, <AI3>herbinger, <AI3>herbinger, <AI3>vassal, <AI3>vassal, <AI2>curse, <AI3>herbinger, <AI4>throne_room, <AI2>curse, <AI3>vassal, <AI2>curse, -1
silver, <AI3>None, silver, <AI5>stentry, silver, <AI6>witch, <AI5>stentry, <AI5>stentry, <AI6>witch, <AI4>bureaucrat, gold, silver, <AI4>bureaucrat, <AI7>witch, <AI5>territory, <AI6>witch, gold, <AI5>stentry, -1
<AI3>merchant, <AI4>remodel, <AI4>remodel, <AI2>curse, <AI3>merchant, <AI2>curse, <AI4>poacher, <AI2>curse, <AI2>curse, silver, <AI0>None, <AI4>poacher, <AI1>None, <AI4>poacher, <AI1>None, <AI3>merchant, -1
<AI3>merchant, <AI4>poacher, silver, <AI3>merchant, <AI2>cellar, <AI6>witch, silver, <AI5>laboratory, <AI4>None, gold, gold, <AI6>witch, <AI4>None, <AI8>artisan, <AI5>bandit, gold, <AI8>artisan, <AI7>witch, <AI8>artisan, <AI7>witch, <AI6>witch, <AI8>artisan, <AI7>witch, -1
<AI3>moat, <AI4>bureaucrat, <AI2>curse, <AI5>None, <AI4>bureaucrat, <AI6>witch, <AI2>curse, <AI4>bureaucrat, <AI6>witch, <AI3>moat, <AI5>gardens, <AI8>artisan, <AI2>curse, <AI5>None, <AI3>moat, gold, <AI4>bureaucrat, <AI4>bureaucrat, -1
None, <AI5>gardens, <AI2>house, <AI4>bureaucrat, <AI4>bureaucrat, <AI3>None, None, <AI4>None, <AI3>silver, silver, <AI3>silver, <AI5>gardens, <AI5>gardens, <AI4>bureaucrat, <AI3>None, <AI5>gardens, <AI1>None, <AI5>gardens, -1
<AI2>cellar, <AI5>gardens, <AI3>moat, <AI3>moat, None, <AI5>gardens, <AI4>None, <AI1>None, <AI3>moat, <AI3>moat, <AI2>cellar, <AI3>moat, <AI3>moat, <AI3>moat, silver, <AI3>moat, -1
<AI4>poacher, <AI3>moat, <AI4>poacher, <AI3>moat, <AI3>moat, <AI4>poacher, <AI3>moat, <AI4>poacher, <AI3>moat, <AI4>poacher, <AI4>poacher, <AI3>moat, <AI3>moat, <AI4>poacher, <AI3>moat, <AI4>poacher, <AI4>poacher, -1
silver, <AI3>moat, <AI3>moat, <AI6>gold, <AI8>artisan, <AI4>None, gold, <AI4>None, silver, <AI6>witch, <AI5>bandit, <AI6>witch, <AI6>gold, <AI8>artisan, <AI5>bandit, <AI6>witch, <AI8>None, <AI8>artisan, <AI5>bandit, -1
<AI4>poacher, <AI3>moat, <AI4>poacher, silver, <AI5>bandit, <AI4>poacher, silver, <AI3>moat, <AI6>witch, <AI5>bandit, <AI4>poacher, silver, silver, <AI3>moat, <AI5>bandit, <AI5>bandit, <AI6>witch, -1
<AI3>moat, <AI4>None, <AI4>militia, silver, <AI4>None, <AI5>stentry, <AI5>gardens, silver, <AI5>gardens, <AI6>witch, <AI3>workshop, gold, <AI6>witch, <AI4>throne_room, <AI7>witch, <AI4>throne_room, <AI5>stentry, <AI8>None, <AI2>house, -1
<AI3>silver, <AI4>throne_room, <AI5>gardens, <AI3>silver, <AI3>workshop, silver, <AI5>territory, <AI3>silver, <AI6>witch, None, <AI6>witch, <AI4>throne_room, <AI6>witch, <AI3>silver, <AI6>witch, <AI5>territory, <AI2>curse, <AI4>militia, -1
<AI3>silver, <AI4>None, <AI4>None, <AI5>stentry, <AI2>None, <AI4>bureaucrat, <AI4>bureaucrat, <AI4>bureaucrat, <AI3>moat, <AI5>stentry, <AI3>moat, <AI4>None, <AI3>None, <AI3>moat, <AI4>None, <AI4>bureaucrat, <AI2>curse, -1
<AI3>merchant, <AI4>throne_room, <AI3>merchant, <AI4>throne_room, <AI4>throne_room, <AI3>merchant, <AI3>merchant, <AI4>throne_room, <AI4>throne_room, <AI3>moat, <AI4>throne_room, <AI4>throne_room, <AI4>throne_room, <AI3>merchant, <AI4>None, silver, <AI7>witch, <AI2>cellar, -1
<AI4>None, <AI3>silver, <AI4>None, <AI4>remodel, <AI3>silver, <AI4>remodel, <AI5>laboratory, <AI4>None, silver, <AI4>None, <AI4>bureaucrat, <AI7>witch, <AI5>archive, <AI4>None, gold, <AI5>territory, <AI7>witch, -1
<AI4>poacher, <AI3>vassal, <AI3>vassal, <AI4>poacher, <AI3>merchant, <AI4>poacher, <AI4>bureaucrat, <AI3>merchant, silver, silver, <AI6>witch, <AI4>bureaucrat, silver, gold, <AI5>gardens, <AI4>bureaucrat, <AI8>artisan, -1
<AI4>bureaucrat, <AI3>workshop, <AI4>bureaucrat, None, <AI5>stentry, <AI3>moat, <AI3>None, <AI4>bureaucrat, <AI4>bureaucrat, <AI4>bureaucrat, <AI7>witch, silver, silver, silver, <AI3>vassal, <AI7>witch, <AI8>artisan, <AI5>gardens, <AI6>witch, <AI7>witch, -1
<AI3>merchant, <AI4>None, <AI3>merchant, <AI4>throne_room, <AI4>throne_room, silver, <AI4>throne_room, <AI5>gardens, silver, <AI4>None, <AI4>None, <AI5>stentry, <AI5>stentry, silver, <AI6>gold, <AI3>merchant, -1
<AI4>remodel, <AI3>moat, <AI3>moat, <AI3>moat, <AI3>moat, <AI5>stentry, <AI4>blacksmith, <AI4>blacksmith, <AI3>moat, <AI7>witch, <AI4>remodel, <AI4>remodel, <AI6>witch, <AI2>house, <AI1>None, <AI3>moat, <AI7>witch, <AI5>stentry, <AI3>moat, <AI4>blacksmith, <AI1>None, -1
<AI3>None, <AI4>remodel, <AI3>None, silver, <AI5>festival, <AI4>remodel, <AI3>None, silver, silver, <AI5>festival, <AI5>gardens, <AI3>None, <AI7>witch, <AI4>None, None, gold, <AI6>witch, <AI6>witch, silver, <AI4>None, -1
<AI4>None, <AI3>workshop, <AI3>None, <AI4>None, <AI4>None, <AI3>silver, <AI5>stentry, <AI4>None, <AI4>None, <AI4>None, <AI4>None, <AI5>stentry, <AI4>None, <AI3>silver, <AI4>None, <AI6>witch, <AI4>None, <AI4>None, -1
silver, <AI3>silver, <AI5>stentry, <AI4>None, <AI5>stentry, <AI5>stentry, <AI4>None, <AI6>witch, <AI4>None, <AI5>stentry, <AI5>stentry, silver, <AI5>stentry, gold, <AI3>silver, <AI8>artisan, <AI6>witch, -1
<AI4>None, <AI3>merchant, <AI3>merchant, silver, <AI4>None, <AI4>None, <AI5>bandit, <AI3>merchant, <AI5>bandit, silver, <AI6>witch, <AI4>None, <AI4>None, <AI4>None, gold, <AI4>None, <AI8>artisan, -1
<AI4>bureaucrat, <AI3>None, <AI4>bureaucrat, <AI2>house, silver, <AI4>bureaucrat, <AI1>None, gold, <AI4>bureaucrat, <AI4>bureaucrat, <AI4>bureaucrat, <AI8>artisan, <AI1>None, <AI7>witch, <AI3>None, province, <AI5>bandit, <AI2>house, -1
<AI4>militia, <AI3>workshop, <AI3>workshop, <AI4>militia, silver, <AI4>None, <AI5>stentry, silver, <AI5>bandit, <AI4>militia, <AI3>workshop, gold, <AI4>militia, <AI8>artisan, <AI3>workshop, <AI8>artisan, <AI3>workshop, silver, <AI5>stentry, -1
<AI3>merchant, <AI4>bureaucrat, <AI3>merchant, <AI4>bureaucrat, <AI3>merchant, <AI4>bureaucrat, <AI4>bureaucrat, <AI3>merchant, <AI5>gardens, <AI2>house, <AI2>house, <AI3>merchant, silver, <AI3>merchant, <AI2>house, <AI4>bureaucrat, <AI4>bureaucrat, <AI2>house, -1
<AI4>remodel, silver, <AI4>money_lender, <AI4>remodel, <AI2>chapel, <AI6>witch, <AI2>None, <AI5>territory, silver, <AI2>chapel, silver, <AI5>gardens, <AI3>moat, <AI6>witch, <AI4>money_lender, gold, -1
<AI3>silver, <AI4>bureaucrat, <AI4>throne_room, <AI4>throne_room, <AI5>bandit, <AI3>silver, <AI2>None, <AI5>bandit, <AI6>witch, <AI2>curse, <AI3>silver, <AI3>silver, <AI5>bandit, <AI4>bureaucrat, <AI4>bureaucrat, <AI8>artisan, <AI1>None, <AI5>bandit, <AI6>gold, silver, -1
<AI3>workshop, <AI4>throne_room, silver, <AI2>None, <AI2>None, <AI7>witch, <AI4>remodel, <AI5>stentry, silver, <AI8>artisan, <AI2>None, <AI3>workshop, <AI6>witch, <AI6>witch, <AI3>workshop, <AI4>blacksmith, <AI6>witch, -1
<AI4>bureaucrat, <AI3>silver, <AI4>bureaucrat, <AI4>bureaucrat, <AI4>bureaucrat, <AI3>workshop, <AI5>mine, <AI4>bureaucrat, <AI5>gardens, <AI4>bureaucrat, <AI2>house, <AI5>gardens, <AI4>bureaucrat, <AI4>bureaucrat, <AI3>workshop, silver, <AI2>house, <AI5>laboratory, <AI4>bureaucrat, -1
<AI4>bureaucrat, <AI3>workshop, <AI4>throne_room, <AI3>workshop, <AI3>workshop, <AI4>throne_room, <AI3>workshop, <AI4>throne_room, silver, <AI4>blacksmith, <AI3>workshop, <AI4>throne_room, <AI4>bureaucrat, silver, silver, <AI6>witch, -1
<AI4>blacksmith, <AI3>moat, <AI5>bandit, <AI3>moat, <AI4>throne_room, <AI3>moat, <AI4>throne_room, <AI3>moat, <AI4>throne_room, <AI2>chapel, <AI5>bandit, <AI2>chapel, <AI2>chapel, <AI2>chapel, <AI4>None, <AI3>vassal, <AI3>vassal, -1
<AI3>vassal, <AI4>bureaucrat, <AI3>vassal, <AI4>bureaucrat, <AI4>bureaucrat, <AI3>vassal, <AI4>bureaucrat, <AI3>vassal, <AI4>bureaucrat, <AI3>merchant, <AI3>merchant, <AI4>bureaucrat, <AI3>merchant, <AI4>bureaucrat, <AI3>merchant, <AI4>bureaucrat, <AI2>None, <AI5>stentry, <AI5>stentry, -1
silver, silver, <AI6>witch, <AI4>None, <AI4>money_lender, <AI4>money_lender, <AI5>bandit, <AI5>bandit, silver, <AI5>bandit, <AI5>bandit, <AI7>witch, <AI4>None, <AI4>None, <AI6>witch, <AI3>moat, -1
<AI4>money_lender, <AI3>merchant, <AI4>remodel, <AI3>merchant, silver, <AI2>cellar, <AI3>merchant, <AI5>stentry, <AI5>stentry, <AI4>remodel, <AI4>remodel, <AI5>stentry, <AI5>stentry, <AI4>money_lender, <AI3>vassal, <AI5>stentry, <AI4>remodel, <AI4>None, -1
<AI5>bandit, <AI2>None, <AI3>workshop, <AI4>throne_room, <AI3>workshop, silver, <AI5>bandit, <AI4>bureaucrat, <AI4>None, silver, <AI5>bandit, <AI5>bandit, <AI3>workshop, <AI4>bureaucrat, <AI6>witch, <AI5>bandit, <AI4>remodel, <AI5>bandit, gold, <AI3>workshop, -1
<AI3>herbinger, <AI4>bureaucrat, <AI2>curse, <AI4>bureaucrat, <AI2>None, <AI2>None, <AI5>gardens, <AI1>None, <AI4>bureaucrat, <AI5>territory, <AI5>territory, <AI3>moat, <AI4>bureaucrat, <AI5>bandit, <AI4>bureaucrat, <AI2>None, <AI6>witch, <AI5>bandit, <AI5>bandit, <AI5>gardens, -1
<AI3>vassal, <AI4>bureaucrat, <AI4>bureaucrat, <AI3>vassal, <AI3>vassal, <AI4>bureaucrat, <AI4>village, <AI3>vassal, <AI3>vassal, silver, <AI6>witch, <AI3>moat, <AI2>house, <AI6>witch, silver, silver, <AI4>bureaucrat, <AI6>witch, -1
<AI3>silver, <AI4>blacksmith, <AI3>silver, <AI6>witch, <AI3>silver, <AI6>witch, <AI5>territory, silver, <AI5>territory, <AI4>None, <AI6>witch, <AI6>witch, <AI4>None, <AI3>vassal, <AI4>None, <AI3>vassal, <AI7>witch, -1
<AI5>bandit, <AI2>curse, silver, silver, <AI3>silver, <AI6>witch, silver, <AI7>witch, <AI5>bandit, <AI6>witch, <AI4>money_lender, <AI8>artisan, <AI5>bandit, <AI4>poacher, <AI7>witch, <AI4>money_lender, <AI5>bandit, <AI7>witch, <AI3>vassal, -1
<AI4>remodel, <AI3>merchant, <AI3>merchant, <AI4>blacksmith, <AI2>chapel, <AI5>territory, None, <AI4>poacher, <AI4>blacksmith, <AI2>chapel, <AI1>None, <AI4>None, <AI2>chapel, silver, <AI1>None, <AI3>workshop, <AI2>chapel, -1
<AI3>None, <AI4>None, <AI3>moat, <AI4>None, <AI3>None, silver, <AI5>gardens, <AI3>None, <AI2>house, <AI6>witch, <AI5>gardens, <AI2>house, <AI3>None, <AI3>None, <AI5>gardens, <AI2>house, <AI3>herbinger, -1
<AI2>house, <AI5>gardens, <AI3>silver, <AI4>bureaucrat, <AI2>house, <AI3>silver, <AI7>witch, <AI2>house, <AI2>house, <AI3>silver, <AI2>house, silver, <AI4>bureaucrat, <AI4>bureaucrat, gold, <AI1>None, <AI6>witch, <AI6>witch, <AI2>house, <AI4>bureaucrat, -1
<AI3>workshop, <AI4>poacher, <AI3>workshop, <AI4>poacher, None, <AI5>stentry, <AI3>workshop, <AI4>poacher, <AI3>workshop, <AI3>workshop, <AI4>poacher, <AI2>None, <AI4>poacher, <AI2>None, <AI4>poacher, None, <AI4>poacher, -1
<AI4>bureaucrat, silver, <AI5>laboratory, <AI5>laboratory, <AI3>vassal, <AI8>artisan, <AI4>None, <AI6>witch, <AI8>artisan, gold, <AI7>witch, <AI6>witch, <AI5>bandit, <AI6>witch, <AI6>witch, <AI6>witch, <AI5>laboratory, <AI7>witch, <AI7>witch, -1
<AI2>cellar, silver, silver, <AI5>bandit, <AI4>money_lender, <AI4>money_lender, <AI6>witch, <AI5>bandit, <AI4>money_lender, <AI6>gold, <AI5>bandit, <AI7>gold, <AI4>money_lender, province, <AI7>gold, <AI6>gold, <AI4>money_lender, -1
<AI3>herbinger, <AI4>blacksmith, <AI4>blacksmith, <AI3>moat, <AI2>house, <AI5>stentry, None, <AI4>blacksmith, <AI3>workshop, <AI2>house, silver, <AI4>blacksmith, <AI2>house, <AI5>stentry, <AI2>house, <AI3>moat, -1
<AI4>poacher, <AI3>merchant, <AI4>poacher, <AI3>merchant, <AI3>merchant, <AI4>poacher, <AI5>gardens, None, <AI3>merchant, silver, silver, <AI5>archive, None, province, <AI5>None, <AI5>None, <AI3>merchant, -1
<AI4>money_lender, <AI3>moat, <AI3>moat, <AI4>money_lender, <AI3>moat, <AI4>money_lender, <AI3>moat, <AI4>village, silver, <AI3>moat, silver, <AI3>moat, silver, <AI5>bandit, <AI3>moat, -1
<AI3>None, <AI4>None, <AI3>None, <AI4>blacksmith, <AI5>gardens, <AI2>house, <AI4>None, <AI3>moat, <AI3>herbinger, <AI4>blacksmith, <AI3>herbinger, <AI4>None, <AI2>house, <AI5>gardens, <AI3>moat, <AI4>None, <AI2>house, <AI5>festival, <AI5>archive, <AI4>blacksmith, <AI1>None, -1
<AI3>moat, <AI4>bureaucrat, <AI3>moat, <AI4>bureaucrat, <AI3>moat, <AI4>bureaucrat, silver, <AI5>laboratory, <AI4>bureaucrat, gold, <AI3>moat, <AI7>witch, <AI2>house, <AI3>moat, <AI7>witch, <AI4>bureaucrat, <AI6>witch, <AI4>bureaucrat, -1
<AI3>vassal, <AI4>money_lender, <AI3>workshop, <AI4>militia, <AI3>workshop, <AI4>money_lender, <AI2>house, None, silver, silver, <AI2>house, <AI6>witch, <AI3>workshop, <AI3>vassal, <AI5>bandit, <AI6>witch, silver, <AI2>house, -1
<AI4>bureaucrat, <AI3>silver, <AI5>stentry, <AI3>workshop, <AI4>blacksmith, <AI4>None, <AI5>stentry, <AI4>blacksmith, silver, <AI4>bureaucrat, silver, <AI6>witch, <AI5>stentry, <AI5>stentry, <AI5>stentry, <AI5>stentry, <AI4>blacksmith, <AI6>gold, <AI6>gold, -1
<AI3>moat, <AI4>money_lender, <AI4>money_lender, <AI3>moat, <AI3>silver, <AI4>remodel, <AI5>None, <AI3>silver, <AI5>None, <AI4>poacher, <AI5>None, <AI4>money_lender, <AI4>money_lender, <AI3>silver, silver, <AI4>poacher, <AI5>mine, <AI3>moat, -1
<AI4>money_lender, <AI3>workshop, <AI5>None, <AI3>workshop, <AI4>money_lender, <AI4>money_lender, <AI3>moat, <AI3>silver, <AI3>workshop, <AI7>witch, silver, <AI5>None, <AI2>house, <AI2>house, <AI2>house, <AI2>house, <AI2>house, -1
<AI3>moat, <AI4>bureaucrat, <AI4>bureaucrat, <AI3>moat, <AI3>moat, <AI4>bureaucrat, <AI6>witch, <AI3>moat, <AI5>None, <AI6>witch, <AI3>moat, <AI8>artisan, <AI4>bureaucrat, <AI3>moat, <AI6>witch, <AI7>witch, <AI4>bureaucrat, <AI4>bureaucrat, <AI8>artisan, -1
<AI3>vassal, <AI4>throne_room, <AI5>laboratory, <AI2>chapel, <AI3>vassal, <AI4>throne_room, <AI4>throne_room, <AI3>vassal, <AI4>blacksmith, <AI3>vassal, <AI3>vassal, <AI4>bureaucrat, <AI3>vassal, <AI4>bureaucrat, <AI3>vassal, silver, <AI6>witch, -1
<AI4>bureaucrat, <AI3>moat, <AI4>poacher, <AI3>moat, <AI4>poacher, <AI2>house, <AI3>moat, <AI3>moat, <AI3>moat, <AI3>moat, <AI2>house, <AI3>moat, <AI3>moat, <AI3>moat, None, <AI4>bureaucrat, <AI3>moat, -1
<AI3>merchant, silver, <AI3>merchant, <AI5>stentry, <AI3>merchant, <AI4>None, <AI5>stentry, <AI3>merchant, <AI4>None, <AI5>stentry, <AI3>silver, <AI6>witch, <AI4>blacksmith, silver, gold, <AI4>None, <AI7>witch, -1
<AI4>None, <AI3>silver, <AI6>witch, <AI3>silver, <AI5>stentry, <AI4>village, <AI5>territory, <AI4>None, <AI2>None, <AI4>village, gold, <AI4>village, <AI3>silver, <AI4>None, province, -1
silver, <AI3>moat, <AI4>bureaucrat, <AI5>territory, <AI4>bureaucrat, <AI3>moat, silver, <AI2>house, <AI5>territory, <AI5>territory, <AI2>house, <AI5>territory, <AI3>moat, <AI3>moat, <AI5>gardens, <AI3>moat, <AI2>house, 